Script started on 2024-06-15 11:31:01+02:00 [TERM="vanilla" TTY="/dev/pts/0" COLUMNS="199" LINES="24"]
mfx@mfx-ux:~/_dev/@github/mooc.fi/part1/ex1.07$ docker build -t curler:latest .
[1A[1B[0G[?25l[+] Building 0.0s (0/1)                                                                                                                                                                 docker:default
[?25h[1A[0G[?25l[+] Building 0.2s (1/2)                                                                                                                                                                 docker:default
[34m => [internal] load build definition from Dockerfile                                                                                                                                              0.0s
[0m[34m => => transferring dockerfile: 192B                                                                                                                                                              0.0s
[0m => [internal] load metadata for docker.io/library/ubuntu:22.04                                                                                                                                   0.2s
[?25h[1A[1A[1A[1A[0G[?25l[+] Building 0.3s (1/2)                                                                                                                                                                 docker:default
[34m => [internal] load build definition from Dockerfile                                                                                                                                              0.0s
[0m[34m => => transferring dockerfile: 192B                                                                                                                                                              0.0s
[0m => [internal] load metadata for docker.io/library/ubuntu:22.04                                                                                                                                   0.3s
[?25h[1A[1A[1A[1A[0G[?25l[+] Building 0.5s (1/2)                                                                                                                                                                 docker:default
[34m => [internal] load build definition from Dockerfile                                                                                                                                              0.0s
[0m[34m => => transferring dockerfile: 192B                                                                                                                                                              0.0s
[0m => [internal] load metadata for docker.io/library/ubuntu:22.04                                                                                                                                   0.5s
[?25h[1A[1A[1A[1A[0G[?25l[+] Building 0.6s (1/2)                                                                                                                                                                 docker:default
[34m => [internal] load build definition from Dockerfile                                                                                                                                              0.0s
[0m[34m => => transferring dockerfile: 192B                                                                                                                                                              0.0s
[0m => [internal] load metadata for docker.io/library/ubuntu:22.04                                                                                                                                   0.6s
[?25h[1A[1A[1A[1A[0G[?25l[+] Building 0.8s (1/2)                                                                                                                                                                 docker:default
[34m => [internal] load build definition from Dockerfile                                                                                                                                              0.0s
[0m[34m => => transferring dockerfile: 192B                                                                                                                                                              0.0s
[0m => [internal] load metadata for docker.io/library/ubuntu:22.04                                                                                                                                   0.8s
[?25h[1A[1A[1A[1A[0G[?25l[+] Building 0.9s (1/2)                                                                                                                                                                 docker:default
[34m => [internal] load build definition from Dockerfile                                                                                                                                              0.0s
[0m[34m => => transferring dockerfile: 192B                                                                                                                                                              0.0s
[0m => [internal] load metadata for docker.io/library/ubuntu:22.04                                                                                                                                   0.9s
[?25h[1A[1A[1A[1A[0G[?25l[+] Building 1.1s (1/2)                                                                                                                                                                 docker:default
[34m => [internal] load build definition from Dockerfile                                                                                                                                              0.0s
[0m[34m => => transferring dockerfile: 192B                                                                                                                                                              0.0s
[0m => [internal] load metadata for docker.io/library/ubuntu:22.04                                                                                                                                   1.1s
[?25h[1A[1A[1A[1A[0G[?25l[+] Building 1.1s (2/2)                                                                                                                                                                 docker:default
[34m => [internal] load build definition from Dockerfile                                                                                                                                              0.0s
[0m[34m => => transferring dockerfile: 192B                                                                                                                                                              0.0s
[0m[34m => [internal] load metadata for docker.io/library/ubuntu:22.04                                                                                                                                   1.1s
[0m[?25h[1A[1A[1A[1A[0G[?25l[+] Building 1.2s (11/11) FINISHED                                                                                                                                                      docker:default
[34m => [internal] load build definition from Dockerfile                                                                                                                                              0.0s
[0m[34m => => transferring dockerfile: 192B                                                                                                                                                              0.0s
[0m[34m => [internal] load metadata for docker.io/library/ubuntu:22.04                                                                                                                                   1.1s
[0m[34m => [internal] load .dockerignore                                                                                                                                                                 0.0s
[0m[34m => => transferring context: 2B                                                                                                                                                                   0.0s
[0m[34m => [1/6] FROM docker.io/library/ubuntu:22.04@sha256:19478ce7fc2ffbce89df29fea5725a8d12e57de52eb9ea570890dc5852aac1ac                                                                             0.0s
[0m[34m => [internal] load build context                                                                                                                                                                 0.0s
[0m[34m => => transferring context: 30B                                                                                                                                                                  0.0s
[0m[34m => CACHED [2/6] WORKDIR /usr/src/ex1.07                                                                                                                                                          0.0s
[0m[34m => CACHED [3/6] RUN apt-get update                                                                                                                                                               0.0s
[0m[34m => CACHED [4/6] RUN apt-get install -y curl                                                                                                                                                      0.0s
[0m[34m => CACHED [5/6] COPY script.sh .                                                                                                                                                                 0.0s
[0m[34m => CACHED [6/6] RUN chmod a+x script.sh                                                                                                                                                          0.0s
[0m[34m => exporting to image                                                                                                                                                                            0.0s
[0m[34m => => exporting layers                                                                                                                                                                           0.0s
[0m[34m => => writing image sha256:00f0f3a11db4ba09e019a40b9a99d89aa769e87f265a8c6e12b9260a60a050be                                                                                                      0.0s
[0m[34m => => naming to docker.io/library/curler:latest                                                                                                                                                  0.0s
[0m[?25hmfx@mfx-ux:~/_dev/@github/mooc.fi/part1/ex1.07$ docker run -it curler
Input website:
helsinki.fi
Searching..
<html>
<head><title>301 Moved Permanently</title></head>
<body>
<center><h1>301 Moved Permanently</h1></center>
<hr><center>nginx/1.22.1</center>
</body>
</html>
Input website:
^Cmfx@mfx-ux:~/_dev/@github/mooc.fi/part1/ex1.07$ exit

Script done on 2024-06-15 11:31:30+02:00 [COMMAND_EXIT_CODE="130"]
