Script started on 2024-06-15 11:36:07+02:00 [TERM="vanilla" TTY="/dev/pts/0" COLUMNS="204" LINES="55"]
mfx@mfx-ux:~/_dev/@github/mooc.fi/part1/ex1.08$ docker build -t web-server .
[1A[1B[0G[?25l[+] Building 0.0s (0/0)  docker:default
[?25h[1A[0G[?25l[+] Building 0.0s (0/1)                                                                                                                                                                      docker:default
[?25h[1A[0G[?25l[+] Building 0.2s (1/2)                                                                                                                                                                      docker:default
[34m => [internal] load build definition from Dockerfile                                                                                                                                                   0.0s

[ ... omitted ...]
                                                                                                           0.0s
[0m[34m => exporting to image                                                                                                                                                                                 0.0s
[0m[34m => => exporting layers                                                                                                                                                                                0.0s
[0m[34m => => writing image sha256:e10a04f0292d811eb02da7d6526d1e215c8b8e62aa36cc69177ca4d072cee933                                                                                                           0.0s
[0m[34m => => naming to docker.io/library/web-server                                                                                                                                                          0.0s
[0m[?25hmfx@mfx-ux:~/_dev/@github/mooc.fi/part1/ex1.08$ dockerru   run web-server
[GIN-debug] [WARNING] Creating an Engine instance with the Logger and Recovery middleware already attached.

[GIN-debug] [WARNING] Running in "debug" mode. Switch to "release" mode in production.
 - using env:	export GIN_MODE=release
 - using code:	gin.SetMode(gin.ReleaseMode)

[GIN-debug] GET    /*path                    --> server.Start.func1 (3 handlers)
[GIN-debug] Listening and serving HTTP on :8080
^Cmfx@mfx-ux:~/_dev/@github/mooc.fi/part1/ex1.08$ exit

Script done on 2024-06-15 11:36:46+02:00 [COMMAND_EXIT_CODE="2"]
